Arguments: 
  /usr/local/Cellar/node/9.6.1/bin/node /usr/local/bin/yarn

PATH: 
  /usr/local/bin:/usr/bin:/bin:/usr/sbin:/sbin

Yarn version: 
  1.5.1

Node version: 
  9.6.1

Platform: 
  darwin x64

npm manifest: 
  {
    "name": "beechallenge",
    "version": "1.0.0",
    "description": "A small challenge proposed by beeTech team.",
    "main": "index.js",
    "scripts": {
      "test": "echo \"Error: no test specified\" && exit 1"
    },
    "repository": {
      "type": "git",
      "url": "git+https://github.com/LucasBadico/beeChallenge.git"
    },
    "keywords": [
      "microservices",
      "react",
      "react-native"
    ],
    "author": "LucasBadico",
    "license": "ISC",
    "bugs": {
      "url": "https://github.com/LucasBadico/beeChallenge/issues"
    },
    "homepage": "https://github.com/LucasBadico/beeChallenge#readme",
    "devDependencies": {
      "babel-core": "^6.26.0",
      "babel-loader": "^7.1.4",
      "babel-plugin-transform-class-properties": "^6.24.1",
      "babel-plugin-transform-object-rest-spread": "^6.26.0",
      "babel-preset-env": "^1.6.1",
      "babel-eslint": "^8.2.1",
      "babel-plugin-ramda": "^1.4.3",
      "babel-plugin-react-element-info": "^1.0.1",
      "babel-plugin-reflective-import": "^1.1.0",
      "babel-plugin-relative-import": "^1.0.3",
      "babel-plugin-transform-inline-environment-variables": "^0.3.0",
      "babel-plugin-transform-node-env-inline": "^0.3.0",
      "babel-polyfill": "^6.26.0",
      "enzyme": "^3.3.0",
      "jest-webpack-alias": "^3.3.3",
      "eslint": "^4.19.1",
      "eslint-config-airbnb": "^16.1.0"
    },
    "dependencies": {
      "ramda": "^0.25.0",
      "react": "^16.0.0",
      "react-dom": "^16.0.0",
      "react-redux": "^5.0.4",
      "redux": "^3.6.0",
      "rxjs": "^5.4.3",
      "moment": "^2.17.0",
    },
    "engines": {
      "node": ">=7.0.0",
      "npm": ">=4.1.2"
    },
    "jest": {
      "transform": {
        ".*": "<rootDir>/src/__tests__/preprocessor.js"
      },
      "moduleNameMapper": {
        "\\.(css|jpg|png|scss)$": "<rootDir>/empty-module.js"
      },
      "setupFiles": [
        "./jest.setup.js"
      ],
      "modulePaths": [
        "<rootDir>/node_modules",
        "<rootDir>/__tests__"
      ],
      "testMatch": [
        "**/?(*.)(test).jsx",
        "**/?(*.)(test).js"
      ]
    },
    "husky": {
      "hooks": {
        "pre-push": "npm run format-on-commit && npm run test"
      }
    }
  }

yarn manifest: 
  No manifest

Lockfile: 
  No lockfile

Trace: 
  SyntaxError: /Users/badicomac/Repositorios/beeChallenge/package.json: Unexpected token } in JSON at position 1517
      at JSON.parse (<anonymous>)
      at /usr/local/lib/node_modules/yarn/lib/cli.js:1036:59
      at Generator.next (<anonymous>)
      at step (/usr/local/lib/node_modules/yarn/lib/cli.js:98:30)
      at /usr/local/lib/node_modules/yarn/lib/cli.js:109:13
      at <anonymous>
